[2017-08-30 19:27:33]
[Unsupported] Windows(R), ProfessionalEducation edition(3f1afc82-f8ac-4f6c-8005-1d233e606eee) System: 10 Enterprise
[2017-08-30 19:27:46]
Microsoft (R) Windows Script Host Version 5.812
版权所有(C) Microsoft Corporation。保留所有权利。

---Processing--------------------------
---------------------------------------
Installed product key detected - attempting to activate the following product:
SKU ID: b322da9c-a2e2-4058-9e4e-f59a6970bd69
LICENSE NAME: Office 15, OfficeProPlusVL_KMS_Client edition
LICENSE DESCRIPTION: Office 15, VOLUME_KMSCLIENT channel
Last 5 characters of installed product key: GVGXT
<Product activation successful>
---------------------------------------
---------------------------------------
---Exiting-----------------------------

[2017-08-30 19:27:47]
Microsoft (R) Windows Script Host Version 5.812
版权所有(C) Microsoft Corporation。保留所有权利。

正在激活 Windows(R), Enterprise edition (73111121-5638-40f6-bc11-f1d7b0d64300) ...
成功地激活了产品。



